node_modules/next/dist/build/templates/app-page.d.ts(3,25): error TS2307: Cannot find module 'VAR_MODULE_GLOBAL_ERROR' or its corresponding type declarations.
node_modules/next/dist/build/webpack-config.d.ts(10,104): error TS2694: Namespace '"C:/Users/mount/.gemini/antigravity/scratch/node_modules/next/dist/compiled/webpack/webpack".webpack' has no exported member 'RuleSetUseItem'.
node_modules/next/dist/build/webpack/loaders/next-app-loader/index.d.ts(1,13): error TS2613: Module '"C:/Users/mount/.gemini/antigravity/scratch/node_modules/next/dist/compiled/webpack/webpack"' has no default export. Did you mean to use 'import { webpack } from "C:/Users/mount/.gemini/antigravity/scratch/node_modules/next/dist/compiled/webpack/webpack"' instead?
node_modules/next/dist/client/components/error-boundary.d.ts(1,8): error TS1259: Module '"C:/Users/mount/.gemini/antigravity/scratch/node_modules/@types/react/index"' can only be default-imported using the 'esModuleInterop' flag
node_modules/next/dist/client/components/http-access-fallback/error-boundary.d.ts(11,8): error TS1259: Module '"C:/Users/mount/.gemini/antigravity/scratch/node_modules/@types/react/index"' can only be default-imported using the 'esModuleInterop' flag
node_modules/next/dist/client/components/layout-router.d.ts(2,8): error TS1259: Module '"C:/Users/mount/.gemini/antigravity/scratch/node_modules/@types/react/index"' can only be default-imported using the 'esModuleInterop' flag
node_modules/next/dist/client/with-router.d.ts(1,8): error TS1259: Module '"C:/Users/mount/.gemini/antigravity/scratch/node_modules/@types/react/index"' can only be default-imported using the 'esModuleInterop' flag
node_modules/next/dist/lib/metadata/metadata.d.ts(1,8): error TS1259: Module '"C:/Users/mount/.gemini/antigravity/scratch/node_modules/@types/react/index"' can only be default-imported using the 'esModuleInterop' flag
node_modules/next/dist/next-devtools/userspace/pages/pages-dev-overlay-setup.d.ts(1,8): error TS1259: Module '"C:/Users/mount/.gemini/antigravity/scratch/node_modules/@types/react/index"' can only be default-imported using the 'esModuleInterop' flag
node_modules/next/dist/server/app-render/entry-base.d.ts(1,114): error TS2307: Cannot find module 'react-server-dom-webpack/server' or its corresponding type declarations.
node_modules/next/dist/server/app-render/entry-base.d.ts(2,27): error TS2307: Cannot find module 'react-server-dom-webpack/static' or its corresponding type declarations.
node_modules/next/dist/server/web/spec-extension/adapters/headers.d.ts(39,16): error TS2304: Cannot find name 'HeadersIterator'.
node_modules/next/dist/server/web/spec-extension/adapters/headers.d.ts(40,13): error TS2304: Cannot find name 'HeadersIterator'.
node_modules/next/dist/server/web/spec-extension/adapters/headers.d.ts(41,15): error TS2304: Cannot find name 'HeadersIterator'.
node_modules/next/dist/server/web/spec-extension/adapters/headers.d.ts(42,26): error TS2304: Cannot find name 'HeadersIterator'.
node_modules/next/dist/shared/lib/app-router-context.shared-runtime.d.ts(4,8): error TS1259: Module '"C:/Users/mount/.gemini/antigravity/scratch/node_modules/@types/react/index"' can only be default-imported using the 'esModuleInterop' flag
node_modules/next/dist/shared/lib/app-router-types.d.ts(7,13): error TS1259: Module '"C:/Users/mount/.gemini/antigravity/scratch/node_modules/@types/react/index"' can only be default-imported using the 'esModuleInterop' flag
node_modules/next/dist/shared/lib/head-manager-context.shared-runtime.d.ts(1,8): error TS1259: Module '"C:/Users/mount/.gemini/antigravity/scratch/node_modules/@types/react/index"' can only be default-imported using the 'esModuleInterop' flag
node_modules/next/dist/shared/lib/image-config-context.shared-runtime.d.ts(1,8): error TS1259: Module '"C:/Users/mount/.gemini/antigravity/scratch/node_modules/@types/react/index"' can only be default-imported using the 'esModuleInterop' flag
node_modules/next/dist/shared/lib/loadable-context.shared-runtime.d.ts(1,8): error TS1259: Module '"C:/Users/mount/.gemini/antigravity/scratch/node_modules/@types/react/index"' can only be default-imported using the 'esModuleInterop' flag
node_modules/next/dist/shared/lib/loadable.shared-runtime.d.ts(21,8): error TS1259: Module '"C:/Users/mount/.gemini/antigravity/scratch/node_modules/@types/react/index"' can only be default-imported using the 'esModuleInterop' flag
node_modules/next/dist/shared/lib/router-context.shared-runtime.d.ts(1,8): error TS1259: Module '"C:/Users/mount/.gemini/antigravity/scratch/node_modules/@types/react/index"' can only be default-imported using the 'esModuleInterop' flag
node_modules/next/dist/shared/lib/server-inserted-html.shared-runtime.d.ts(1,8): error TS1259: Module '"C:/Users/mount/.gemini/antigravity/scratch/node_modules/@types/react/index"' can only be default-imported using the 'esModuleInterop' flag
node_modules/next/dist/shared/lib/utils.d.ts(10,13): error TS1192: Module '"fs"' has no default export.
node_modules/openai/client.d.ts(133,5): error TS18028: Private identifiers are only available when targeting ECMAScript 2015 and higher.
node_modules/openai/core/api-promise.d.ts(9,5): error TS18028: Private identifiers are only available when targeting ECMAScript 2015 and higher.
node_modules/openai/core/pagination.d.ts(7,5): error TS18028: Private identifiers are only available when targeting ECMAScript 2015 and higher.
node_modules/openai/core/streaming.d.ts(9,5): error TS18028: Private identifiers are only available when targeting ECMAScript 2015 and higher.
node_modules/openai/lib/AbstractChatCompletionRunner.d.ts(14,5): error TS18028: Private identifiers are only available when targeting ECMAScript 2015 and higher.
node_modules/openai/lib/AssistantStream.d.ts(36,5): error TS18028: Private identifiers are only available when targeting ECMAScript 2015 and higher.
node_modules/openai/lib/ChatCompletionStream.d.ts(68,5): error TS18028: Private identifiers are only available when targeting ECMAScript 2015 and higher.
node_modules/openai/lib/EventStream.d.ts(3,5): error TS18028: Private identifiers are only available when targeting ECMAScript 2015 and higher.
node_modules/openai/lib/responses/ResponseStream.d.ts(47,5): error TS18028: Private identifiers are only available when targeting ECMAScript 2015 and higher.
node_modules/openai/resources/webhooks.d.ts(4,5): error TS18028: Private identifiers are only available when targeting ECMAScript 2015 and higher.
src/app/api/analyze/route.ts(3,32): error TS2307: Cannot find module '@/lib/storage-service' or its corresponding type declarations.
src/app/api/analyze/route.ts(4,32): error TS2307: Cannot find module '@/lib/ratelimit' or its corresponding type declarations.
src/app/api/analyze/route.ts(5,58): error TS2307: Cannot find module '@/lib/auth-helper' or its corresponding type declarations.
src/app/api/analyze/route.ts(6,41): error TS2307: Cannot find module '@/lib/auth-middleware' or its corresponding type declarations.
src/app/api/analyze/route.ts(13,8): error TS2307: Cannot find module '@/lib/analysis-service' or its corresponding type declarations.
src/app/api/analyze/route.ts(14,43): error TS2307: Cannot find module '@/types' or its corresponding type declarations.
src/app/api/analyze/route.ts(51,73): error TS2769: No overload matches this call.
  Overload 1 of 2, '(entries: Iterable<readonly [PropertyKey, any]>): { [k: string]: any; }', gave the following error.
    Argument of type 'Headers' is not assignable to parameter of type 'Iterable<readonly [PropertyKey, any]>'.
      Property '[Symbol.iterator]' is missing in type 'Headers' but required in type 'Iterable<readonly [PropertyKey, any]>'.
  Overload 2 of 2, '(entries: Iterable<readonly any[]>): any', gave the following error.
    Argument of type 'Headers' is not assignable to parameter of type 'Iterable<readonly any[]>'.
      Property '[Symbol.iterator]' is missing in type 'Headers' but required in type 'Iterable<readonly any[]>'.
src/app/api/analyze/route.ts(192,48): error TS2307: Cannot find module '@/lib/redis-scripts' or its corresponding type declarations.
src/app/api/analyze/route.ts(247,48): error TS2307: Cannot find module '@/lib/ant-trace-service' or its corresponding type declarations.
src/app/api/analyze/route.ts(248,59): error TS2307: Cannot find module '@/lib/assemblage-mechanism-service' or its corresponding type declarations.
src/app/api/analyze/route.ts(249,51): error TS2307: Cannot find module '@/lib/provisional-wrapper' or its corresponding type declarations.
src/app/api/analyze/route.ts(387,60): error TS2307: Cannot find module '@/lib/assemblage-extraction-service' or its corresponding type declarations.
src/app/api/analyze/route.ts(537,56): error TS2307: Cannot find module '@/lib/governance/escalation-service' or its corresponding type declarations.
src/app/api/analyze/route.ts(617,80): error TS2307: Cannot find module '@/lib/ghost-nodes' or its corresponding type declarations.
src/app/api/analyze/route.ts(653,53): error TS2307: Cannot find module '@/lib/ghost-node-store' or its corresponding type declarations.
src/app/api/analyze/route.ts(760,50): error TS2307: Cannot find module '@/services/transparency-service' or its corresponding type declarations.
