.next/dev/types/routes.d.ts(178,3): error TS1109: Expression expected.
.next/dev/types/routes.d.ts(184,1): error TS1160: Unterminated template literal.
